<?xml version="1.0" encoding="utf-8"?>
<TestRun id="2deeb169-76a7-43bf-bd19-a818861583de" name="salam@SALAM7 2019-04-25 12:28:02:358" runUser="SALAM\salam" xmlns="http://microsoft.com/schemas/VisualStudio/TeamTest/2010">
  <Times creation="2019-04-25T12:28:02.3712458+02:00" queuing="2019-04-25T12:28:02.3712459+02:00" start="2019-04-25T12:27:59.5127651+02:00" finish="2019-04-25T12:28:02.3975258+02:00" />
  <TestSettings name="default" id="76092768-e634-48e1-a725-ead399063612">
    <Deployment runDeploymentRoot="salam_SALAM7_2019-04-25_12_28_02_358" />
  </TestSettings>
  <Results>
    <UnitTestResult executionId="d227a645-8b03-44ab-99f6-668ba30b49aa" testId="184c0e06-18e0-b901-805c-d7db8a680a0d" testName="Index should return default view" computerName="SALAM7" duration="00:00:00.0100000" startTime="2019-04-25T12:28:02.0818525+02:00" endTime="2019-04-25T12:28:02.0818559+02:00" testType="13cdc9d9-ddb5-4fa4-a97d-d965ccfc6d4b" outcome="Passed" testListId="8c84fa94-04c1-424b-9868-57a2d4851a1d" relativeResultsDirectory="d227a645-8b03-44ab-99f6-668ba30b49aa" />
    <UnitTestResult executionId="82f81e85-e8d5-4f81-8a04-02870d9001b7" testId="7081cd82-3295-8c4b-e997-5fe22eb0a580" testName="Failing test" computerName="SALAM7" duration="00:00:00.0010000" startTime="2019-04-25T12:28:02.2140373+02:00" endTime="2019-04-25T12:28:02.2140376+02:00" testType="13cdc9d9-ddb5-4fa4-a97d-d965ccfc6d4b" outcome="Failed" testListId="8c84fa94-04c1-424b-9868-57a2d4851a1d" relativeResultsDirectory="82f81e85-e8d5-4f81-8a04-02870d9001b7">
      <Output>
        <ErrorInfo>
          <Message>System.NotImplementedException : The method or operation is not implemented.</Message>
          <StackTrace>   at AdvancedAspNetCore.Tests.HomeControllerTests.ShouldFail() in C:\Projects\VS2019\AdvancedAspNetCore\AdvancedAspNetCore.Tests\HomeControllerTests.cs:line 29</StackTrace>
        </ErrorInfo>
      </Output>
    </UnitTestResult>
  </Results>
  <TestDefinitions>
    <UnitTest name="Failing test" storage="c:\projects\vs2019\advancedaspnetcore\advancedaspnetcore.tests\bin\debug\netcoreapp2.2\advancedaspnetcore.tests.dll" id="7081cd82-3295-8c4b-e997-5fe22eb0a580">
      <Execution id="82f81e85-e8d5-4f81-8a04-02870d9001b7" />
      <TestMethod codeBase="C:\Projects\VS2019\AdvancedAspNetCore\AdvancedAspNetCore.Tests\bin\Debug\netcoreapp2.2\AdvancedAspNetCore.Tests.dll" adapterTypeName="executor://xunit/VsTestRunner2/netcoreapp" className="AdvancedAspNetCore.Tests.HomeControllerTests" name="Failing test" />
    </UnitTest>
    <UnitTest name="Index should return default view" storage="c:\projects\vs2019\advancedaspnetcore\advancedaspnetcore.tests\bin\debug\netcoreapp2.2\advancedaspnetcore.tests.dll" id="184c0e06-18e0-b901-805c-d7db8a680a0d">
      <Execution id="d227a645-8b03-44ab-99f6-668ba30b49aa" />
      <TestMethod codeBase="C:\Projects\VS2019\AdvancedAspNetCore\AdvancedAspNetCore.Tests\bin\Debug\netcoreapp2.2\AdvancedAspNetCore.Tests.dll" adapterTypeName="executor://xunit/VsTestRunner2/netcoreapp" className="AdvancedAspNetCore.Tests.HomeControllerTests" name="Index should return default view" />
    </UnitTest>
  </TestDefinitions>
  <TestEntries>
    <TestEntry testId="184c0e06-18e0-b901-805c-d7db8a680a0d" executionId="d227a645-8b03-44ab-99f6-668ba30b49aa" testListId="8c84fa94-04c1-424b-9868-57a2d4851a1d" />
    <TestEntry testId="7081cd82-3295-8c4b-e997-5fe22eb0a580" executionId="82f81e85-e8d5-4f81-8a04-02870d9001b7" testListId="8c84fa94-04c1-424b-9868-57a2d4851a1d" />
  </TestEntries>
  <TestLists>
    <TestList name="Results Not in a List" id="8c84fa94-04c1-424b-9868-57a2d4851a1d" />
    <TestList name="All Loaded Results" id="19431567-8539-422a-85d7-44ee4e166bda" />
  </TestLists>
  <ResultSummary outcome="Failed">
    <Counters total="2" executed="2" passed="1" failed="1" error="0" timeout="0" aborted="0" inconclusive="0" passedButRunAborted="0" notRunnable="0" notExecuted="0" disconnected="0" warning="0" completed="0" inProgress="0" pending="0" />
    <Output>
      <StdOut>[xUnit.net 00:00:00.00] xUnit.net VSTest Adapter v2.4.0 (64-bit .NET Core 4.6.27521.02)[xUnit.net 00:00:01.55]   Discovering: AdvancedAspNetCore.Tests[xUnit.net 00:00:01.60]   Discovered:  AdvancedAspNetCore.Tests[xUnit.net 00:00:01.60]   Starting:    AdvancedAspNetCore.Tests[xUnit.net 00:00:01.91]       System.NotImplementedException : The method or operation is not implemented.[xUnit.net 00:00:01.92]       Stack Trace:[xUnit.net 00:00:01.92]         C:\Projects\VS2019\AdvancedAspNetCore\AdvancedAspNetCore.Tests\HomeControllerTests.cs(29,0): at AdvancedAspNetCore.Tests.HomeControllerTests.ShouldFail()[xUnit.net 00:00:01.92]   Finished:    AdvancedAspNetCore.Tests</StdOut>
    </Output>
    <RunInfos>
      <RunInfo computerName="SALAM7" outcome="Error" timestamp="2019-04-25T12:28:02.2081785+02:00">
        <Text>[xUnit.net 00:00:01.91]     Failing test [FAIL]</Text>
      </RunInfo>
    </RunInfos>
  </ResultSummary>
</TestRun>