<?xml version="1.0" encoding="utf-8"?>
<TestRun id="c0460d2d-32ff-4f90-9d2c-1d3cd3deb1f1" name="salam@SALAM7 2019-04-16 15:32:34:199" runUser="SALAM\salam" xmlns="http://microsoft.com/schemas/VisualStudio/TeamTest/2010">
  <Times creation="2019-04-16T15:32:34.2609600+02:00" queuing="2019-04-16T15:32:34.2609602+02:00" start="2019-04-16T15:32:32.5059074+02:00" finish="2019-04-16T15:32:34.2980775+02:00" />
  <TestSettings name="default" id="1a90e206-ae8f-49a3-8363-55061f094a01">
    <Deployment runDeploymentRoot="salam_SALAM7_2019-04-16_15_32_34_199" />
  </TestSettings>
  <Results>
    <UnitTestResult executionId="3464141c-f69d-464f-9580-18016291e13b" testId="184c0e06-18e0-b901-805c-d7db8a680a0d" testName="Index should return default view" computerName="SALAM7" duration="00:00:00.0390000" startTime="2019-04-16T15:32:33.9335773+02:00" endTime="2019-04-16T15:32:33.9335804+02:00" testType="13cdc9d9-ddb5-4fa4-a97d-d965ccfc6d4b" outcome="Passed" testListId="8c84fa94-04c1-424b-9868-57a2d4851a1d" relativeResultsDirectory="3464141c-f69d-464f-9580-18016291e13b" />
    <UnitTestResult executionId="959a7469-66df-46c9-9687-3774a1f25955" testId="7081cd82-3295-8c4b-e997-5fe22eb0a580" testName="Failing test" computerName="SALAM7" duration="00:00:00.0010000" startTime="2019-04-16T15:32:33.9574296+02:00" endTime="2019-04-16T15:32:33.9574302+02:00" testType="13cdc9d9-ddb5-4fa4-a97d-d965ccfc6d4b" outcome="Failed" testListId="8c84fa94-04c1-424b-9868-57a2d4851a1d" relativeResultsDirectory="959a7469-66df-46c9-9687-3774a1f25955">
      <Output>
        <ErrorInfo>
          <Message>System.NotImplementedException : The method or operation is not implemented.</Message>
          <StackTrace>   at AdvancedAspNetCore.Tests.HomeControllerTests.ShouldFail() in C:\Projects\VS2019\AdvancedAspNetCore\AdvancedAspNetCore.Tests\HomeControllerTests.cs:line 29</StackTrace>
        </ErrorInfo>
      </Output>
    </UnitTestResult>
  </Results>
  <TestDefinitions>
    <UnitTest name="Failing test" storage="c:\projects\vs2019\advancedaspnetcore\advancedaspnetcore.tests\bin\debug\netcoreapp2.2\advancedaspnetcore.tests.dll" id="7081cd82-3295-8c4b-e997-5fe22eb0a580">
      <Execution id="959a7469-66df-46c9-9687-3774a1f25955" />
      <TestMethod codeBase="C:\Projects\VS2019\AdvancedAspNetCore\AdvancedAspNetCore.Tests\bin\Debug\netcoreapp2.2\AdvancedAspNetCore.Tests.dll" adapterTypeName="executor://xunit/VsTestRunner2/netcoreapp" className="AdvancedAspNetCore.Tests.HomeControllerTests" name="Failing test" />
    </UnitTest>
    <UnitTest name="Index should return default view" storage="c:\projects\vs2019\advancedaspnetcore\advancedaspnetcore.tests\bin\debug\netcoreapp2.2\advancedaspnetcore.tests.dll" id="184c0e06-18e0-b901-805c-d7db8a680a0d">
      <Execution id="3464141c-f69d-464f-9580-18016291e13b" />
      <TestMethod codeBase="C:\Projects\VS2019\AdvancedAspNetCore\AdvancedAspNetCore.Tests\bin\Debug\netcoreapp2.2\AdvancedAspNetCore.Tests.dll" adapterTypeName="executor://xunit/VsTestRunner2/netcoreapp" className="AdvancedAspNetCore.Tests.HomeControllerTests" name="Index should return default view" />
    </UnitTest>
  </TestDefinitions>
  <TestEntries>
    <TestEntry testId="184c0e06-18e0-b901-805c-d7db8a680a0d" executionId="3464141c-f69d-464f-9580-18016291e13b" testListId="8c84fa94-04c1-424b-9868-57a2d4851a1d" />
    <TestEntry testId="7081cd82-3295-8c4b-e997-5fe22eb0a580" executionId="959a7469-66df-46c9-9687-3774a1f25955" testListId="8c84fa94-04c1-424b-9868-57a2d4851a1d" />
  </TestEntries>
  <TestLists>
    <TestList name="Results Not in a List" id="8c84fa94-04c1-424b-9868-57a2d4851a1d" />
    <TestList name="All Loaded Results" id="19431567-8539-422a-85d7-44ee4e166bda" />
  </TestLists>
  <ResultSummary outcome="Failed">
    <Counters total="2" executed="2" passed="1" failed="1" error="0" timeout="0" aborted="0" inconclusive="0" passedButRunAborted="0" notRunnable="0" notExecuted="0" disconnected="0" warning="0" completed="0" inProgress="0" pending="0" />
    <Output>
      <StdOut>[xUnit.net 00:00:00.00] xUnit.net VSTest Adapter v2.4.0 (64-bit .NET Core 4.6.27414.05)[xUnit.net 00:00:00.50]   Discovering: AdvancedAspNetCore.Tests[xUnit.net 00:00:00.55]   Discovered:  AdvancedAspNetCore.Tests[xUnit.net 00:00:00.56]   Starting:    AdvancedAspNetCore.Tests[xUnit.net 00:00:00.72]       System.NotImplementedException : The method or operation is not implemented.[xUnit.net 00:00:00.73]       Stack Trace:[xUnit.net 00:00:00.73]         C:\Projects\VS2019\AdvancedAspNetCore\AdvancedAspNetCore.Tests\HomeControllerTests.cs(29,0): at AdvancedAspNetCore.Tests.HomeControllerTests.ShouldFail()[xUnit.net 00:00:00.73]   Finished:    AdvancedAspNetCore.Tests</StdOut>
    </Output>
    <RunInfos>
      <RunInfo computerName="SALAM7" outcome="Error" timestamp="2019-04-16T15:32:33.9529545+02:00">
        <Text>[xUnit.net 00:00:00.72]     Failing test [FAIL]</Text>
      </RunInfo>
    </RunInfos>
  </ResultSummary>
</TestRun>