<?xml version="1.0" encoding="utf-8"?>
<TestRun id="260f083d-660d-4ed4-84df-80cad7518718" name="salam@SALAM7 2019-04-25 12:08:40:524" runUser="SALAM\salam" xmlns="http://microsoft.com/schemas/VisualStudio/TeamTest/2010">
  <Times creation="2019-04-25T12:08:40.5583855+02:00" queuing="2019-04-25T12:08:40.5583856+02:00" start="2019-04-25T12:08:39.4806126+02:00" finish="2019-04-25T12:08:40.5724139+02:00" />
  <TestSettings name="default" id="76cda306-c27f-4fc3-a978-98a5e67d4833">
    <Deployment runDeploymentRoot="salam_SALAM7_2019-04-25_12_08_40_524" />
  </TestSettings>
  <TestLists>
    <TestList name="Results Not in a List" id="8c84fa94-04c1-424b-9868-57a2d4851a1d" />
    <TestList name="All Loaded Results" id="19431567-8539-422a-85d7-44ee4e166bda" />
  </TestLists>
  <ResultSummary outcome="Failed">
    <Counters total="0" executed="0" passed="0" failed="0" error="0" timeout="0" aborted="0" inconclusive="0" passedButRunAborted="0" notRunnable="0" notExecuted="0" disconnected="0" warning="0" completed="0" inProgress="0" pending="0" />
    <RunInfos>
      <RunInfo computerName="SALAM7" outcome="Error" timestamp="2019-04-25T12:08:39.9775408+02:00">
        <Text>Testhost process exited with error: It was not possible to find any compatible framework version&#xD;
The specified framework 'Microsoft.AspNetCore.All', version '2.2.4' was not found.&#xD;
  - Check application dependencies and target a framework version installed at:&#xD;
      C:\Program Files\dotnet\&#xD;
  - Installing .NET Core prerequisites might help resolve this problem:&#xD;
      https://go.microsoft.com/fwlink/?LinkID=798306&amp;clcid=0x409&#xD;
  - The .NET Core framework and SDK can be installed from:&#xD;
      https://aka.ms/dotnet-download&#xD;
  - The following versions are installed:&#xD;
      2.1.3 at [C:\Program Files\dotnet\shared\Microsoft.AspNetCore.All]&#xD;
      2.1.6 at [C:\Program Files\dotnet\shared\Microsoft.AspNetCore.All]&#xD;
      2.1.7 at [C:\Program Files\dotnet\shared\Microsoft.AspNetCore.All]&#xD;
      2.1.9 at [C:\Program Files\dotnet\shared\Microsoft.AspNetCore.All]&#xD;
      2.2.3 at [C:\Program Files\dotnet\shared\Microsoft.AspNetCore.All]&#xD;
</Text>
      </RunInfo>
    </RunInfos>
  </ResultSummary>
</TestRun>