<?xml version="1.0" encoding="utf-8"?>
<TestRun id="43519f51-5565-4564-a7e3-550e9999cad0" name="salam@SALAM7 2019-04-16 15:35:20:183" runUser="SALAM\salam" xmlns="http://microsoft.com/schemas/VisualStudio/TeamTest/2010">
  <Times creation="2019-04-16T15:35:20.1934025+02:00" queuing="2019-04-16T15:35:20.1934026+02:00" start="2019-04-16T15:35:18.7126574+02:00" finish="2019-04-16T15:35:20.2145476+02:00" />
  <TestSettings name="default" id="d7a23eb4-2339-44b0-bc49-9ef1ed45f8c4">
    <Deployment runDeploymentRoot="salam_SALAM7_2019-04-16_15_35_20_183" />
  </TestSettings>
  <Results>
    <UnitTestResult executionId="60374791-11ed-4970-97c2-8e958547a146" testId="184c0e06-18e0-b901-805c-d7db8a680a0d" testName="Index should return default view" computerName="SALAM7" duration="00:00:00.0220000" startTime="2019-04-16T15:35:20.0220042+02:00" endTime="2019-04-16T15:35:20.0220069+02:00" testType="13cdc9d9-ddb5-4fa4-a97d-d965ccfc6d4b" outcome="Passed" testListId="8c84fa94-04c1-424b-9868-57a2d4851a1d" relativeResultsDirectory="60374791-11ed-4970-97c2-8e958547a146" />
    <UnitTestResult executionId="9931b682-73b6-4bb7-b0e5-be2cf8722e8d" testId="7081cd82-3295-8c4b-e997-5fe22eb0a580" testName="Failing test" computerName="SALAM7" duration="00:00:00.0010000" startTime="2019-04-16T15:35:20.0447546+02:00" endTime="2019-04-16T15:35:20.0447553+02:00" testType="13cdc9d9-ddb5-4fa4-a97d-d965ccfc6d4b" outcome="Failed" testListId="8c84fa94-04c1-424b-9868-57a2d4851a1d" relativeResultsDirectory="9931b682-73b6-4bb7-b0e5-be2cf8722e8d">
      <Output>
        <ErrorInfo>
          <Message>System.NotImplementedException : The method or operation is not implemented.</Message>
          <StackTrace>   at AdvancedAspNetCore.Tests.HomeControllerTests.ShouldFail() in C:\Projects\VS2019\AdvancedAspNetCore\AdvancedAspNetCore.Tests\HomeControllerTests.cs:line 29</StackTrace>
        </ErrorInfo>
      </Output>
    </UnitTestResult>
  </Results>
  <TestDefinitions>
    <UnitTest name="Failing test" storage="c:\projects\vs2019\advancedaspnetcore\advancedaspnetcore.tests\bin\debug\netcoreapp2.2\advancedaspnetcore.tests.dll" id="7081cd82-3295-8c4b-e997-5fe22eb0a580">
      <Execution id="9931b682-73b6-4bb7-b0e5-be2cf8722e8d" />
      <TestMethod codeBase="C:\Projects\VS2019\AdvancedAspNetCore\AdvancedAspNetCore.Tests\bin\Debug\netcoreapp2.2\AdvancedAspNetCore.Tests.dll" adapterTypeName="executor://xunit/VsTestRunner2/netcoreapp" className="AdvancedAspNetCore.Tests.HomeControllerTests" name="Failing test" />
    </UnitTest>
    <UnitTest name="Index should return default view" storage="c:\projects\vs2019\advancedaspnetcore\advancedaspnetcore.tests\bin\debug\netcoreapp2.2\advancedaspnetcore.tests.dll" id="184c0e06-18e0-b901-805c-d7db8a680a0d">
      <Execution id="60374791-11ed-4970-97c2-8e958547a146" />
      <TestMethod codeBase="C:\Projects\VS2019\AdvancedAspNetCore\AdvancedAspNetCore.Tests\bin\Debug\netcoreapp2.2\AdvancedAspNetCore.Tests.dll" adapterTypeName="executor://xunit/VsTestRunner2/netcoreapp" className="AdvancedAspNetCore.Tests.HomeControllerTests" name="Index should return default view" />
    </UnitTest>
  </TestDefinitions>
  <TestEntries>
    <TestEntry testId="184c0e06-18e0-b901-805c-d7db8a680a0d" executionId="60374791-11ed-4970-97c2-8e958547a146" testListId="8c84fa94-04c1-424b-9868-57a2d4851a1d" />
    <TestEntry testId="7081cd82-3295-8c4b-e997-5fe22eb0a580" executionId="9931b682-73b6-4bb7-b0e5-be2cf8722e8d" testListId="8c84fa94-04c1-424b-9868-57a2d4851a1d" />
  </TestEntries>
  <TestLists>
    <TestList name="Results Not in a List" id="8c84fa94-04c1-424b-9868-57a2d4851a1d" />
    <TestList name="All Loaded Results" id="19431567-8539-422a-85d7-44ee4e166bda" />
  </TestLists>
  <ResultSummary outcome="Failed">
    <Counters total="2" executed="2" passed="1" failed="1" error="0" timeout="0" aborted="0" inconclusive="0" passedButRunAborted="0" notRunnable="0" notExecuted="0" disconnected="0" warning="0" completed="0" inProgress="0" pending="0" />
    <Output>
      <StdOut>[xUnit.net 00:00:00.00] xUnit.net VSTest Adapter v2.4.0 (64-bit .NET Core 4.6.27414.05)[xUnit.net 00:00:00.49]   Discovering: AdvancedAspNetCore.Tests[xUnit.net 00:00:00.54]   Discovered:  AdvancedAspNetCore.Tests[xUnit.net 00:00:00.54]   Starting:    AdvancedAspNetCore.Tests[xUnit.net 00:00:00.69]       System.NotImplementedException : The method or operation is not implemented.[xUnit.net 00:00:00.69]       Stack Trace:[xUnit.net 00:00:00.69]         C:\Projects\VS2019\AdvancedAspNetCore\AdvancedAspNetCore.Tests\HomeControllerTests.cs(29,0): at AdvancedAspNetCore.Tests.HomeControllerTests.ShouldFail()[xUnit.net 00:00:00.70]   Finished:    AdvancedAspNetCore.Tests</StdOut>
    </Output>
    <RunInfos>
      <RunInfo computerName="SALAM7" outcome="Error" timestamp="2019-04-16T15:35:20.0403505+02:00">
        <Text>[xUnit.net 00:00:00.69]     Failing test [FAIL]</Text>
      </RunInfo>
    </RunInfos>
  </ResultSummary>
</TestRun>